<?xml version="1.0" encoding="UTF-8"?>
<testng-results ignored="0" total="1" passed="1" failed="0" skipped="0">
  <reporter-output>
  </reporter-output>
  <suite started-at="2026-03-16T18:19:48 GMT" name="Surefire suite" finished-at="2026-03-16T18:19:53 GMT" duration-ms="4898">
    <groups>
    </groups>
    <test started-at="2026-03-16T18:19:48 GMT" name="Surefire test" finished-at="2026-03-16T18:19:53 GMT" duration-ms="4898">
      <class name="tests.ui.LoginTest">
        <test-method is-config="true" signature="setup()[pri:0, instance:tests.ui.LoginTest@341b80b2]" started-at="2026-03-16T18:19:48 GMT" name="setup" finished-at="2026-03-16T18:19:52 GMT" duration-ms="4001" status="PASS">
          <reporter-output>
          </reporter-output>
        </test-method> <!-- setup -->
        <test-method signature="validLoginTest()[pri:0, instance:tests.ui.LoginTest@341b80b2]" started-at="2026-03-16T18:19:52 GMT" name="validLoginTest" finished-at="2026-03-16T18:19:53 GMT" duration-ms="771" status="PASS">
          <reporter-output>
          </reporter-output>
        </test-method> <!-- validLoginTest -->
        <test-method is-config="true" signature="tearDown()[pri:0, instance:tests.ui.LoginTest@341b80b2]" started-at="2026-03-16T18:19:53 GMT" name="tearDown" finished-at="2026-03-16T18:19:53 GMT" duration-ms="105" status="PASS">
          <reporter-output>
          </reporter-output>
        </test-method> <!-- tearDown -->
      </class> <!-- tests.ui.LoginTest -->
    </test> <!-- Surefire test -->
  </suite> <!-- Surefire suite -->
</testng-results>
